<?xml version="1.0" encoding="UTF-8"?>
<!-- Generated by org.testng.reporters.JUnitXMLReporter -->
<testsuite ignored="0" hostname="df5c2cd27e66506" failures="0" tests="3" name="Tests" time="8.538" errors="0" timestamp="2026-03-05T16:08:02 IST">
  <testcase classname="tests.LoginTest" name="validLogin" time="0.478"/>
  <testcase classname="tests.AddToCartTest" name="addProductToCart" time="1.065"/>
  <testcase classname="tests.CheckoutTest" name="completeCheckout" time="1.232"/>
</testsuite> <!-- Tests -->
