<?xml version="1.0" encoding="UTF-8"?>
<testng-results ignored="0" total="3" passed="3" failed="0" skipped="0">
  <reporter-output>
  </reporter-output>
  <suite started-at="2026-03-05T16:07:53 IST" name="SauceDemoSuite()" finished-at="2026-03-05T16:08:02 IST" duration-ms="8538">
    <groups>
    </groups>
    <test started-at="2026-03-05T16:07:53 IST" name="Tests" finished-at="2026-03-05T16:08:02 IST" duration-ms="8538">
      <class name="tests.LoginTest">
        <test-method is-config="true" signature="setUp()[pri:0, instance:tests.LoginTest@65fb9ffc]" started-at="2026-03-05T16:07:54 IST" name="setUp" finished-at="2026-03-05T16:07:56 IST" duration-ms="2792" status="PASS">
          <reporter-output>
          </reporter-output>
        </test-method> <!-- setUp -->
        <test-method signature="validLogin()[pri:0, instance:tests.LoginTest@65fb9ffc]" started-at="2026-03-05T16:07:56 IST" name="validLogin" finished-at="2026-03-05T16:07:57 IST" duration-ms="478" status="PASS">
          <reporter-output>
          </reporter-output>
        </test-method> <!-- validLogin -->
        <test-method is-config="true" signature="tearDown()[pri:0, instance:tests.LoginTest@65fb9ffc]" started-at="2026-03-05T16:07:57 IST" name="tearDown" finished-at="2026-03-05T16:07:57 IST" duration-ms="229" status="PASS">
          <reporter-output>
          </reporter-output>
        </test-method> <!-- tearDown -->
      </class> <!-- tests.LoginTest -->
      <class name="tests.AddToCartTest">
        <test-method is-config="true" signature="setUp()[pri:0, instance:tests.AddToCartTest@3fc2959f]" started-at="2026-03-05T16:07:57 IST" name="setUp" finished-at="2026-03-05T16:07:58 IST" duration-ms="937" status="PASS">
          <reporter-output>
          </reporter-output>
        </test-method> <!-- setUp -->
        <test-method signature="addProductToCart()[pri:0, instance:tests.AddToCartTest@3fc2959f]" started-at="2026-03-05T16:07:58 IST" name="addProductToCart" finished-at="2026-03-05T16:07:59 IST" duration-ms="1065" status="PASS">
          <reporter-output>
          </reporter-output>
        </test-method> <!-- addProductToCart -->
        <test-method is-config="true" signature="tearDown()[pri:0, instance:tests.AddToCartTest@3fc2959f]" started-at="2026-03-05T16:07:59 IST" name="tearDown" finished-at="2026-03-05T16:07:59 IST" duration-ms="171" status="PASS">
          <reporter-output>
          </reporter-output>
        </test-method> <!-- tearDown -->
      </class> <!-- tests.AddToCartTest -->
      <class name="tests.CheckoutTest">
        <test-method is-config="true" signature="setUp()[pri:0, instance:tests.CheckoutTest@5aa9e4eb]" started-at="2026-03-05T16:07:59 IST" name="setUp" finished-at="2026-03-05T16:08:01 IST" duration-ms="1362" status="PASS">
          <reporter-output>
          </reporter-output>
        </test-method> <!-- setUp -->
        <test-method signature="completeCheckout()[pri:0, instance:tests.CheckoutTest@5aa9e4eb]" started-at="2026-03-05T16:08:01 IST" name="completeCheckout" finished-at="2026-03-05T16:08:02 IST" duration-ms="1232" status="PASS">
          <reporter-output>
          </reporter-output>
        </test-method> <!-- completeCheckout -->
        <test-method is-config="true" signature="tearDown()[pri:0, instance:tests.CheckoutTest@5aa9e4eb]" started-at="2026-03-05T16:08:02 IST" name="tearDown" finished-at="2026-03-05T16:08:02 IST" duration-ms="198" status="PASS">
          <reporter-output>
          </reporter-output>
        </test-method> <!-- tearDown -->
      </class> <!-- tests.CheckoutTest -->
    </test> <!-- Tests -->
  </suite> <!-- SauceDemoSuite() -->
</testng-results>
